0 info it worked if it ends with ok
1 verbose cli [ '/usr/local/bin/node', '/usr/local/bin/npm', 'start' ]
2 info using npm@3.8.6
3 info using node@v6.0.0
4 verbose run-script [ 'prestart', 'start', 'poststart' ]
5 info lifecycle social-sense@0.0.2~prestart: social-sense@0.0.2
6 silly lifecycle social-sense@0.0.2~prestart: no script for prestart, continuing
7 info lifecycle social-sense@0.0.2~start: social-sense@0.0.2
8 verbose lifecycle social-sense@0.0.2~start: unsafe-perm in lifecycle true
9 verbose lifecycle social-sense@0.0.2~start: PATH: /usr/local/lib/node_modules/npm/bin/node-gyp-bin:/Users/zongyiwang/Desktop/2017summer/KevinChang_group/my-login_3/back-end/node_modules/.bin:/usr/local/bin:/usr/local/lib/node_modules/npm/bin/node-gyp-bin:/Users/zongyiwang/Desktop/2017summer/KevinChang_group/my-login_3/node_modules/.bin:/usr/local/bin:/Users/zongyiwang/.rvm/gems/ruby-2.4.1/bin:/Users/zongyiwang/.rvm/gems/ruby-2.4.1@global/bin:/Users/zongyiwang/.rvm/rubies/ruby-2.4.1/bin:/Library/Frameworks/Python.framework/Versions/3.6/bin:/usr/local/bin:/usr/bin:/bin:/usr/sbin:/sbin:/Library/TeX/texbin:/Users/zongyiwang/.rvm/bin
10 verbose lifecycle social-sense@0.0.2~start: CWD: /Users/zongyiwang/Desktop/2017summer/KevinChang_group/my-login_3/back-end
11 silly lifecycle social-sense@0.0.2~start: Args: [ '-c', 'node app.js' ]
12 silly lifecycle social-sense@0.0.2~start: Returned: code: 1  signal: null
13 info lifecycle social-sense@0.0.2~start: Failed to exec start script
14 verbose stack Error: social-sense@0.0.2 start: `node app.js`
14 verbose stack Exit status 1
14 verbose stack     at EventEmitter.<anonymous> (/usr/local/lib/node_modules/npm/lib/utils/lifecycle.js:239:16)
14 verbose stack     at emitTwo (events.js:106:13)
14 verbose stack     at EventEmitter.emit (events.js:191:7)
14 verbose stack     at ChildProcess.<anonymous> (/usr/local/lib/node_modules/npm/lib/utils/spawn.js:24:14)
14 verbose stack     at emitTwo (events.js:106:13)
14 verbose stack     at ChildProcess.emit (events.js:191:7)
14 verbose stack     at maybeClose (internal/child_process.js:850:16)
14 verbose stack     at Process.ChildProcess._handle.onexit (internal/child_process.js:215:5)
15 verbose pkgid social-sense@0.0.2
16 verbose cwd /Users/zongyiwang/Desktop/2017summer/KevinChang_group/my-login_3/back-end
17 error Darwin 16.0.0
18 error argv "/usr/local/bin/node" "/usr/local/bin/npm" "start"
19 error node v6.0.0
20 error npm  v3.8.6
21 error code ELIFECYCLE
22 error social-sense@0.0.2 start: `node app.js`
22 error Exit status 1
23 error Failed at the social-sense@0.0.2 start script 'node app.js'.
23 error Make sure you have the latest version of node.js and npm installed.
23 error If you do, this is most likely a problem with the social-sense package,
23 error not with npm itself.
23 error Tell the author that this fails on your system:
23 error     node app.js
23 error You can get information on how to open an issue for this project with:
23 error     npm bugs social-sense
23 error Or if that isn't available, you can get their info via:
23 error     npm owner ls social-sense
23 error There is likely additional logging output above.
24 verbose exit [ 1, true ]
